<?xml version="1.0" encoding="utf-8"?><testsuites name="pytest tests"><testsuite name="pytest" errors="0" failures="0" skipped="0" tests="13" time="2.240" timestamp="2026-07-09T08:44:53.040916+00:00" hostname="agent-env-bb31fa9c-ac6d-4ba5-8009-877ba1f642b4"><testcase classname="tests.test_iteration4.TestUserProfile" name="test_get_own_profile" time="0.841" /><testcase classname="tests.test_iteration4.TestMessages" name="test_send_message_kamala_to_lakshmi" time="0.834" /><testcase classname="tests.test_iteration4.TestMessages" name="test_cannot_message_self" time="0.229" /><testcase classname="tests.test_iteration4.TestMessages" name="test_message_unknown_user" time="0.084" /><testcase classname="tests.test_iteration4.TestUserProfile" name="test_get_friend_profile" time="0.354" /><testcase classname="tests.test_iteration4.TestMessages" name="test_conversations_list" time="0.273" /><testcase classname="tests.test_iteration4.TestUserProfile" name="test_get_non_friend_profile" time="0.318" /><testcase classname="tests.test_iteration4.TestMessages" name="test_thread_view_and_mark_read" time="0.173" /><testcase classname="tests.test_iteration4.TestUserProfile" name="test_profile_not_found" time="0.046" /><testcase classname="tests.test_iteration4.TestUserProfile" name="test_profile_unauth" time="0.098" /><testcase classname="tests.test_iteration4.TestMessages" name="test_thread_returns_sorted_ascending" time="0.045" /><testcase classname="tests.test_iteration4.TestNotificationsMessage" name="test_notifications_include_message_when_unread" time="0.116" /><testcase classname="tests.test_iteration4.TestMessages" name="test_message_with_image" time="0.087" /></testsuite></testsuites>