<?xml version="1.0" encoding="utf-8"?><testsuites name="pytest tests"><testsuite name="pytest" errors="0" failures="0" skipped="0" tests="20" time="9.945" timestamp="2026-07-09T08:20:23.482982+00:00" hostname="agent-env-bb31fa9c-ac6d-4ba5-8009-877ba1f642b4"><testcase classname="tests.test_iteration3.TestReminders" name="test_list_reminders_initial" time="0.653" /><testcase classname="tests.test_iteration3.TestNotifications" name="test_notifications_shape" time="0.697" /><testcase classname="tests.test_iteration3.TestReminders" name="test_create_toggle_delete_reminder" time="0.639" /><testcase classname="tests.test_iteration3.TestNotifications" name="test_notifications_include_nearby_event" time="0.046" /><testcase classname="tests.test_iteration3.TestNotifications" name="test_notifications_include_reminder_when_due" time="0.179" /><testcase classname="tests.test_iteration3.TestNotifications" name="test_notifications_friend_request" time="0.690" /><testcase classname="tests.test_iteration3.TestReminders" name="test_toggle_nonexistent_returns_404" time="0.223" /><testcase classname="tests.test_iteration3.TestReminders" name="test_reminders_unauth" time="0.111" /><testcase classname="tests.test_iteration3.TestNotifications" name="test_notifications_unauth" time="0.340" /><testcase classname="tests.test_iteration3.TestEvents" name="test_events_nearby_for_kamala" time="0.047" /><testcase classname="tests.test_iteration3.TestEvents" name="test_events_nearby_for_harbhajan" time="0.324" /><testcase classname="tests.test_iteration3.TestNostalgia" name="test_list_all" time="0.045" /><testcase classname="tests.test_iteration3.TestEvents" name="test_rsvp_toggle" time="0.190" /><testcase classname="tests.test_iteration3.TestNostalgia" name="test_filter_song" time="0.045" /><testcase classname="tests.test_iteration3.TestNostalgia" name="test_filter_event" time="0.102" /><testcase classname="tests.test_iteration3.TestNostalgia" name="test_filter_festival" time="0.086" /><testcase classname="tests.test_iteration3.TestEvents" name="test_rsvp_bad_event" time="0.046" /><testcase classname="tests.test_iteration3.TestChatLanguage" name="test_chat_english" time="2.279" /><testcase classname="tests.test_iteration3.TestChatLanguage" name="test_chat_hindi_returns_devanagari" time="2.249" /><testcase classname="tests.test_iteration3.TestChatLanguage" name="test_chat_kannada_returns_kannada_script" time="2.561" /></testsuite></testsuites>