<?xml version="1.0" encoding="utf-8"?><testsuites name="pytest tests"><testsuite name="pytest" errors="0" failures="0" skipped="0" tests="21" time="5.984" timestamp="2026-07-09T07:55:28.578045+00:00" hostname="agent-env-bb31fa9c-ac6d-4ba5-8009-877ba1f642b4"><testcase classname="tests.backend_test.TestAuth" name="test_login_kamala" time="0.443" /><testcase classname="tests.backend_test.TestAuth" name="test_login_invalid" time="0.455" /><testcase classname="tests.backend_test.TestFeed" name="test_feed_returns_system_posts" time="0.902" /><testcase classname="tests.backend_test.TestAuth" name="test_me" time="0.083" /><testcase classname="tests.backend_test.TestFeed" name="test_create_post_appears_in_feed" time="0.089" /><testcase classname="tests.backend_test.TestAuth" name="test_register_and_reject_dup" time="0.310" /><testcase classname="tests.backend_test.TestFeed" name="test_like_toggle" time="0.392" /><testcase classname="tests.backend_test.TestGroups" name="test_list_seeded_groups" time="0.043" /><testcase classname="tests.backend_test.TestGroups" name="test_create_and_get_group" time="0.127" /><testcase classname="tests.backend_test.TestFeed" name="test_comments_flow" time="0.391" /><testcase classname="tests.backend_test.TestGroups" name="test_join_leave" time="0.977" /><testcase classname="tests.backend_test.TestFriends" name="test_discover_lists_other_users" time="0.047" /><testcase classname="tests.backend_test.TestFriends" name="test_friend_request_flow" time="0.917" /><testcase classname="tests.backend_test.TestGroups" name="test_post_to_group_and_shows_name" time="0.208" /><testcase classname="tests.backend_test.TestUnauth" name="test_feed_unauth" time="0.137" /><testcase classname="tests.backend_test.TestFriends" name="test_reject_request" time="0.891" /><testcase classname="tests.backend_test.TestUnauth" name="test_groups_unauth" time="0.226" /><testcase classname="tests.backend_test.TestStories" name="test_create_and_list_story" time="0.359" /><testcase classname="tests.backend_test.TestChat" name="test_chat_returns_reply" time="2.088" /><testcase classname="tests.backend_test.TestFriends" name="test_cannot_friend_self" time="0.053" /><testcase classname="tests.backend_test.TestMemories" name="test_create_and_list_memory" time="0.175" /></testsuite></testsuites>